# project  configured on Sat Nov 25 21:50:22 2017 by
# waf 1.7.11 (abi 98, python 2070af0 on darwin)
# using /Users/kevinh/Library/Application Support/Pebble SDK/SDKs/current/sdk-core/pebble/waf configure
#
----------------------------------------
Setting top to
/Volumes/MiniMoose/Dropbox/AppDocs/iSight/iSight2/digitalglasses
----------------------------------------
Setting out to
/Volumes/MiniMoose/Dropbox/AppDocs/iSight/iSight2/digitalglasses/build
----------------------------------------
Checking for program webpack
/Users/kevinh/Library/Application Support/Pebble SDK/SDKs/current/node_modules/.bin/webpack
find program=['webpack'] paths=['/Users/kevinh/Library/Application Support/Pebble SDK/SDKs/current/node_modules/.bin'] var='WEBPACK' -> '/Users/kevinh/Library/Application Support/Pebble SDK/SDKs/current/node_modules/.bin/webpack'
----------------------------------------
Found Pebble SDK for emery in:
/Users/kevinh/Library/Application Support/Pebble SDK/SDKs/current/sdk-core/pebble/emery
----------------------------------------
Checking for program gcc,cc
arm-none-eabi-gcc
find program=['gcc', 'cc'] paths='' var='CC' -> 'arm-none-eabi-gcc'
----------------------------------------
Checking for program ar
arm-none-eabi-ar
find program=['ar'] paths='' var='AR' -> 'arm-none-eabi-ar'
----------------------------------------
Found Pebble SDK for diorite in:
/Users/kevinh/Library/Application Support/Pebble SDK/SDKs/current/sdk-core/pebble/diorite
----------------------------------------
Checking for program gcc,cc
arm-none-eabi-gcc
find program=['gcc', 'cc'] paths='' var='CC' -> 'arm-none-eabi-gcc'
----------------------------------------
Checking for program ar
arm-none-eabi-ar
find program=['ar'] paths='' var='AR' -> 'arm-none-eabi-ar'
----------------------------------------
Found Pebble SDK for basalt in:
/Users/kevinh/Library/Application Support/Pebble SDK/SDKs/current/sdk-core/pebble/basalt
----------------------------------------
Checking for program gcc,cc
arm-none-eabi-gcc
find program=['gcc', 'cc'] paths='' var='CC' -> 'arm-none-eabi-gcc'
----------------------------------------
Checking for program ar
arm-none-eabi-ar
find program=['ar'] paths='' var='AR' -> 'arm-none-eabi-ar'
----------------------------------------
Found Pebble SDK for aplite in:
/Users/kevinh/Library/Application Support/Pebble SDK/SDKs/current/sdk-core/pebble/aplite
----------------------------------------
Checking for program gcc,cc
arm-none-eabi-gcc
find program=['gcc', 'cc'] paths='' var='CC' -> 'arm-none-eabi-gcc'
----------------------------------------
Checking for program ar
arm-none-eabi-ar
find program=['ar'] paths='' var='AR' -> 'arm-none-eabi-ar'
